<?xml version="1.0" encoding="UTF-8"?>
<!-- Generated by org.testng.reporters.JUnitReportReporter -->
<testsuite hostname="LAPTOP-QBSR5NQJ" failures="0" tests="2" name="test.LoginTest" time="13.562" errors="0" timestamp="29 Mar 2022 07:03:40 GMT" skipped="0">
  <testcase classname="test.LoginTest" name="verifytest" time="6.762"/>
  <testcase classname="test.LoginTest" name="logintest" time="6.800"/>
</testsuite> <!-- test.LoginTest -->
