<?xml version="1.0" encoding="UTF-8"?>
<!-- Generated by org.testng.reporters.JUnitReportReporter -->
<testsuite skipped="0" hostname="LAPTOP-QBSR5NQJ" name="test.LoginTest" tests="2" failures="0" timestamp="29 Mar 2022 07:16:19 GMT" time="18.607" errors="0">
  <testcase name="verifytest" time="7.858" classname="test.LoginTest"/>
  <testcase name="logintest" time="10.749" classname="test.LoginTest"/>
</testsuite> <!-- test.LoginTest -->
